<html>
<body>
<pre>
<h1>µVision Build Log</h1>
<h2>Tool Versions:</h2>
IDE-Version: ¦ÌVision V5.39.0.0
Copyright (C) 2023 ARM Ltd and ARM Germany GmbH. All rights reserved.
License Information: 3 Mathonix, 2, LIC=MPPLD-8A2S5-BSBYX-H24M3-LB2KY-M2EV1
 
Tool Versions:
Toolchain:       MDK-ARM Plus  Version: 5.39.0.0
Toolchain Path:  C:\Keil_v5\ARM\ARMCC\Bin
C Compiler:      Armcc.exe V5.06 update 1 (build 61)
Assembler:       Armasm.exe V5.06 update 1 (build 61)
Linker/Locator:  ArmLink.exe V5.06 update 1 (build 61)
Library Manager: ArmAr.exe V5.06 update 1 (build 61)
Hex Converter:   FromElf.exe V5.06 update 1 (build 61)
CPU DLL:         SARMCM3.DLL V5.39.0.0
Dialog DLL:      DCM.DLL V1.17.5.0
Target DLL:      CMSIS_AGDI.dll V1.33.16.0
Dialog DLL:      TCM.DLL V1.56.4.0
 
<h2>Project:</h2>
E:\Desktop\25Champion\Sentry_Chassis\Sentry_Chassis\MDK-ARM\FJUT_RM2025.uvprojx
Project File Date:  11/07/2024

<h2>Output:</h2>
*** Using Compiler 'V5.06 update 1 (build 61)', folder: 'C:\Keil_v5\ARM\ARMCC\Bin'
Build target 'FJUT_RM2025'
compiling can.c...
..\LIB\APP\inc\chassis_behavior.h(45): error:  #20: identifier "float32_t" is undefined
  	float32_t v;//m/s
..\LIB\APP\inc\chassis_behavior.h(46): error:  #20: identifier "float32_t" is undefined
  	float32_t yaw;//rad
..\LIB\BSP\src\can.c: 0 warnings, 2 errors
compiling io.c...
..\LIB\APP\inc\chassis_behavior.h(45): error:  #20: identifier "float32_t" is undefined
  	float32_t v;//m/s
..\LIB\APP\inc\chassis_behavior.h(46): error:  #20: identifier "float32_t" is undefined
  	float32_t yaw;//rad
..\LIB\BSP\src\io.c: 0 warnings, 2 errors
compiling uart.c...
..\LIB\APP\inc\chassis_behavior.h(45): error:  #20: identifier "float32_t" is undefined
  	float32_t v;//m/s
..\LIB\APP\inc\chassis_behavior.h(46): error:  #20: identifier "float32_t" is undefined
  	float32_t yaw;//rad
..\LIB\BSP\src\uart.c: 0 warnings, 2 errors
compiling tim.c...
..\LIB\APP\inc\chassis_behavior.h(45): error:  #20: identifier "float32_t" is undefined
  	float32_t v;//m/s
..\LIB\APP\inc\chassis_behavior.h(46): error:  #20: identifier "float32_t" is undefined
  	float32_t yaw;//rad
..\LIB\BSP\src\tim.c: 0 warnings, 2 errors
compiling it.c...
..\LIB\APP\inc\chassis_behavior.h(45): error:  #20: identifier "float32_t" is undefined
  	float32_t v;//m/s
..\LIB\APP\inc\chassis_behavior.h(46): error:  #20: identifier "float32_t" is undefined
  	float32_t yaw;//rad
..\user\it.c: 0 warnings, 2 errors
compiling hi219m.c...
..\LIB\APP\inc\chassis_behavior.h(45): error:  #20: identifier "float32_t" is undefined
  	float32_t v;//m/s
..\LIB\APP\inc\chassis_behavior.h(46): error:  #20: identifier "float32_t" is undefined
  	float32_t yaw;//rad
..\LIB\HARDWARE\src\hi219m.c: 0 warnings, 2 errors
compiling motor.c...
..\LIB\APP\inc\chassis_behavior.h(45): error:  #20: identifier "float32_t" is undefined
  	float32_t v;//m/s
..\LIB\APP\inc\chassis_behavior.h(46): error:  #20: identifier "float32_t" is undefined
  	float32_t yaw;//rad
..\LIB\HARDWARE\src\motor.c: 0 warnings, 2 errors
compiling rm_remote.c...
..\LIB\APP\inc\chassis_behavior.h(45): error:  #20: identifier "float32_t" is undefined
  	float32_t v;//m/s
..\LIB\APP\inc\chassis_behavior.h(46): error:  #20: identifier "float32_t" is undefined
  	float32_t yaw;//rad
..\LIB\HARDWARE\src\rm_remote.c: 0 warnings, 2 errors
compiling nvic.c...
..\LIB\APP\inc\chassis_behavior.h(45): error:  #20: identifier "float32_t" is undefined
  	float32_t v;//m/s
..\LIB\APP\inc\chassis_behavior.h(46): error:  #20: identifier "float32_t" is undefined
  	float32_t yaw;//rad
..\LIB\BSP\src\nvic.c: 0 warnings, 2 errors
compiling dma.c...
..\LIB\APP\inc\chassis_behavior.h(45): error:  #20: identifier "float32_t" is undefined
  	float32_t v;//m/s
..\LIB\APP\inc\chassis_behavior.h(46): error:  #20: identifier "float32_t" is undefined
  	float32_t yaw;//rad
..\LIB\BSP\src\dma.c: 0 warnings, 2 errors
compiling main.c...
..\LIB\APP\inc\chassis_behavior.h(45): error:  #20: identifier "float32_t" is undefined
  	float32_t v;//m/s
..\LIB\APP\inc\chassis_behavior.h(46): error:  #20: identifier "float32_t" is undefined
  	float32_t yaw;//rad
..\USER\main.c: 0 warnings, 2 errors
compiling minipc.c...
..\LIB\APP\inc\chassis_behavior.h(45): error:  #20: identifier "float32_t" is undefined
  	float32_t v;//m/s
..\LIB\APP\inc\chassis_behavior.h(46): error:  #20: identifier "float32_t" is undefined
  	float32_t yaw;//rad
..\LIB\APP\src\minipc.c: 0 warnings, 2 errors
compiling offline_detection.c...
..\LIB\APP\inc\chassis_behavior.h(45): error:  #20: identifier "float32_t" is undefined
  	float32_t v;//m/s
..\LIB\APP\inc\chassis_behavior.h(46): error:  #20: identifier "float32_t" is undefined
  	float32_t yaw;//rad
..\LIB\APP\src\offline_detection.c: 0 warnings, 2 errors
compiling chassis_behavior.c...
compiling KalmanFliter.c...
compiling user_task.c...
..\LIB\APP\inc\chassis_behavior.h(45): error:  #20: identifier "float32_t" is undefined
  	float32_t v;//m/s
..\LIB\APP\inc\chassis_behavior.h(46): error:  #20: identifier "float32_t" is undefined
  	float32_t yaw;//rad
..\LIB\APP\src\user_task.c: 0 warnings, 2 errors
compiling signal.c...
..\LIB\APP\inc\chassis_behavior.h(45): error:  #20: identifier "float32_t" is undefined
  	float32_t v;//m/s
..\LIB\APP\inc\chassis_behavior.h(46): error:  #20: identifier "float32_t" is undefined
  	float32_t yaw;//rad
..\LIB\TCA\src\signal.c: 0 warnings, 2 errors
compiling stm32f4xx_it.c...
..\LIB\APP\inc\chassis_behavior.h(45): error:  #20: identifier "float32_t" is undefined
  	float32_t v;//m/s
..\LIB\APP\inc\chassis_behavior.h(46): error:  #20: identifier "float32_t" is undefined
  	float32_t yaw;//rad
..\USER\stm32f4xx_it.c: 0 warnings, 2 errors
compiling Arraylist.c...
..\LIB\APP\inc\chassis_behavior.h(45): error:  #20: identifier "float32_t" is undefined
  	float32_t v;//m/s
..\LIB\APP\inc\chassis_behavior.h(46): error:  #20: identifier "float32_t" is undefined
  	float32_t yaw;//rad
..\LIB\Judge\src\Arraylist.c: 0 warnings, 2 errors
compiling judge.c...
..\LIB\APP\inc\chassis_behavior.h(45): error:  #20: identifier "float32_t" is undefined
  	float32_t v;//m/s
..\LIB\APP\inc\chassis_behavior.h(46): error:  #20: identifier "float32_t" is undefined
  	float32_t yaw;//rad
..\LIB\Judge\src\judge.c: 0 warnings, 2 errors
".\Objects\Templates.axf" - 36 Error(s), 0 Warning(s).

<h2>Software Packages used:</h2>

Package Vendor: Keil
                https://www.keil.com/pack/Keil.STM32F4xx_DFP.2.17.1.pack
                Keil::STM32F4xx_DFP@2.17.1
                STMicroelectronics STM32F4 Series Device Support, Drivers and Examples

<h2>Collection of Component include folders:</h2>
  C:/Keil_v5/ARM/Pack/Keil/STM32F4xx_DFP/2.17.1/Drivers/CMSIS/Device/ST/STM32F4xx/Include

<h2>Collection of Component Files used:</h2>
Target not created.
Build Time Elapsed:  00:00:03
</pre>
</body>
</html>
